<?xml version="1.0" encoding="UTF-8"?>
<!-- Generated by org.testng.reporters.JUnitReportReporter -->
<testsuite skipped="0" hostname="shaimaa" name="org.example.testRunner.runners" tests="1" failures="0" timestamp="2023-06-22T20:12:28 EET" time="95.187" errors="0">
  <testcase name="runScenario" time="95.187" classname="org.example.testRunner.runners"/>
  <system-out/>
</testsuite> <!-- org.example.testRunner.runners -->
